<?xml version="1.0" encoding="UTF-8"?>
<!-- Generated by org.testng.reporters.JUnitReportReporter -->
<testsuite skipped="9" hostname="LT0021232" name="com.ril.feedzai.testScript.AlertManagerSearchScreen" tests="14" failures="0" timestamp="06 Aug 2018 12:30:53 GMT" time="309.863" errors="1">
  <testcase name="searchOpen" time="34.576" classname="com.ril.feedzai.testScript.AlertManagerSearchScreen">
    <error type="org.openqa.selenium.WebDriverException" message="unknown error: Element &lt;a href=&quot;#search&quot;&gt;...&lt;/a&gt; is not clickable at point (761, 33). Other element would receive the click: &lt;div class=&quot;fdz-js-login-page fdz-css-login-page&quot;&gt;...&lt;/div&gt;
  (Session info: chrome=68.0.3440.84)
  (Driver info: chromedriver=2.38.552522 (437e6fbedfa8762dec75e2c5b3ddb86763dc9dcb),platform=Windows NT 6.1.7601 SP1 x86_64) (WARNING: The server did not provide any stacktrace information)
Command duration or timeout: 0 milliseconds
Build info: version: &#039;3.8.1&#039;, revision: &#039;6e95a6684b&#039;, time: &#039;2017-12-01T18:33:54.468Z&#039;
System info: host: &#039;LT0021232&#039;, ip: &#039;10.51.179.150&#039;, os.name: &#039;Windows 7&#039;, os.arch: &#039;x86&#039;, os.version: &#039;6.1&#039;, java.version: &#039;1.8.0_60&#039;
Driver info: org.openqa.selenium.chrome.ChromeDriver
Capabilities {acceptInsecureCerts: false, acceptSslCerts: false, applicationCacheEnabled: false, browserConnectionEnabled: false, browserName: chrome, chrome: {chromedriverVersion: 2.38.552522 (437e6fbedfa876..., userDataDir: C:\Users\ANKUR~1.JAI\AppDat...}, cssSelectorsEnabled: true, databaseEnabled: false, handlesAlerts: true, hasTouchScreen: false, javascriptEnabled: true, locationContextEnabled: true, mobileEmulationEnabled: false, nativeEvents: true, networkConnectionEnabled: false, pageLoadStrategy: normal, platform: XP, platformName: XP, rotatable: false, setWindowRect: true, takesHeapSnapshot: true, takesScreenshot: true, unexpectedAlertBehaviour: , unhandledPromptBehavior: , version: 68.0.3440.84, webStorageEnabled: true}
Session ID: 6d99445af9dd4a0d9625237992cabf2c">
      <![CDATA[org.openqa.selenium.WebDriverException: unknown error: Element <a href="#search">...</a> is not clickable at point (761, 33). Other element would receive the click: <div class="fdz-js-login-page fdz-css-login-page">...</div>
  (Session info: chrome=68.0.3440.84)
  (Driver info: chromedriver=2.38.552522 (437e6fbedfa8762dec75e2c5b3ddb86763dc9dcb),platform=Windows NT 6.1.7601 SP1 x86_64) (WARNING: The server did not provide any stacktrace information)
Command duration or timeout: 0 milliseconds
Build info: version: '3.8.1', revision: '6e95a6684b', time: '2017-12-01T18:33:54.468Z'
System info: host: 'LT0021232', ip: '10.51.179.150', os.name: 'Windows 7', os.arch: 'x86', os.version: '6.1', java.version: '1.8.0_60'
Driver info: org.openqa.selenium.chrome.ChromeDriver
Capabilities {acceptInsecureCerts: false, acceptSslCerts: false, applicationCacheEnabled: false, browserConnectionEnabled: false, browserName: chrome, chrome: {chromedriverVersion: 2.38.552522 (437e6fbedfa876..., userDataDir: C:\Users\ANKUR~1.JAI\AppDat...}, cssSelectorsEnabled: true, databaseEnabled: false, handlesAlerts: true, hasTouchScreen: false, javascriptEnabled: true, locationContextEnabled: true, mobileEmulationEnabled: false, nativeEvents: true, networkConnectionEnabled: false, pageLoadStrategy: normal, platform: XP, platformName: XP, rotatable: false, setWindowRect: true, takesHeapSnapshot: true, takesScreenshot: true, unexpectedAlertBehaviour: , unhandledPromptBehavior: , version: 68.0.3440.84, webStorageEnabled: true}
Session ID: 6d99445af9dd4a0d9625237992cabf2c
at sun.reflect.NativeConstructorAccessorImpl.newInstance0(Native Method)
at sun.reflect.NativeConstructorAccessorImpl.newInstance(NativeConstructorAccessorImpl.java:62)
at sun.reflect.DelegatingConstructorAccessorImpl.newInstance(DelegatingConstructorAccessorImpl.java:45)
at java.lang.reflect.Constructor.newInstance(Constructor.java:422)
at org.openqa.selenium.remote.ErrorHandler.createThrowable(ErrorHandler.java:214)
at org.openqa.selenium.remote.ErrorHandler.throwIfResponseFailed(ErrorHandler.java:166)
at org.openqa.selenium.remote.http.JsonHttpResponseCodec.reconstructValue(JsonHttpResponseCodec.java:40)
at org.openqa.selenium.remote.http.AbstractHttpResponseCodec.decode(AbstractHttpResponseCodec.java:80)
at org.openqa.selenium.remote.http.AbstractHttpResponseCodec.decode(AbstractHttpResponseCodec.java:44)
at org.openqa.selenium.remote.HttpCommandExecutor.execute(HttpCommandExecutor.java:164)
at org.openqa.selenium.remote.service.DriverCommandExecutor.execute(DriverCommandExecutor.java:83)
at org.openqa.selenium.remote.RemoteWebDriver.execute(RemoteWebDriver.java:601)
at org.openqa.selenium.remote.RemoteWebElement.execute(RemoteWebElement.java:279)
at org.openqa.selenium.remote.RemoteWebElement.click(RemoteWebElement.java:83)
at sun.reflect.GeneratedMethodAccessor11.invoke(Unknown Source)
at sun.reflect.DelegatingMethodAccessorImpl.invoke(DelegatingMethodAccessorImpl.java:43)
at java.lang.reflect.Method.invoke(Method.java:497)
at org.openqa.selenium.support.events.EventFiringWebDriver$EventFiringWebElement.lambda$new$0(EventFiringWebDriver.java:371)
at com.sun.proxy.$Proxy12.click(Unknown Source)
at org.openqa.selenium.support.events.EventFiringWebDriver$EventFiringWebElement.click(EventFiringWebDriver.java:383)
at com.ril.feedzai.testScript.AlertManagerSearchScreen.searchOpen(AlertManagerSearchScreen.java:20)
at sun.reflect.NativeMethodAccessorImpl.invoke0(Native Method)
at sun.reflect.NativeMethodAccessorImpl.invoke(NativeMethodAccessorImpl.java:62)
at sun.reflect.DelegatingMethodAccessorImpl.invoke(DelegatingMethodAccessorImpl.java:43)
at java.lang.reflect.Method.invoke(Method.java:497)
at org.testng.internal.MethodInvocationHelper.invokeMethod(MethodInvocationHelper.java:124)
at org.testng.internal.MethodInvocationHelper.invokeMethodConsideringTimeout(MethodInvocationHelper.java:59)
at org.testng.internal.Invoker.invokeConfigurationMethod(Invoker.java:455)
at org.testng.internal.Invoker.invokeConfigurations(Invoker.java:222)
at org.testng.internal.Invoker.invokeMethod(Invoker.java:520)
at org.testng.internal.Invoker.invokeTestMethod(Invoker.java:716)
at org.testng.internal.Invoker.invokeTestMethods(Invoker.java:988)
at org.testng.internal.TestMethodWorker.invokeTestMethods(TestMethodWorker.java:125)
at org.testng.internal.TestMethodWorker.run(TestMethodWorker.java:109)
at org.testng.TestRunner.privateRun(TestRunner.java:648)
at org.testng.TestRunner.run(TestRunner.java:505)
at org.testng.SuiteRunner.runTest(SuiteRunner.java:455)
at org.testng.SuiteRunner.runSequentially(SuiteRunner.java:450)
at org.testng.SuiteRunner.privateRun(SuiteRunner.java:415)
at org.testng.SuiteRunner.run(SuiteRunner.java:364)
at org.testng.SuiteRunnerWorker.runSuite(SuiteRunnerWorker.java:52)
at org.testng.SuiteRunnerWorker.run(SuiteRunnerWorker.java:84)
at org.testng.TestNG.runSuitesSequentially(TestNG.java:1208)
at org.testng.TestNG.runSuitesLocally(TestNG.java:1137)
at org.testng.TestNG.runSuites(TestNG.java:1049)
at org.testng.TestNG.run(TestNG.java:1017)
at org.testng.remote.AbstractRemoteTestNG.run(AbstractRemoteTestNG.java:114)
at org.testng.remote.RemoteTestNG.initAndRun(RemoteTestNG.java:251)
at org.testng.remote.RemoteTestNG.main(RemoteTestNG.java:77)
]]>
    </error>
  </testcase> <!-- searchOpen -->
  <testcase name="AdvanceSearchCustID" time="71.979" classname="com.ril.feedzai.testScript.AlertManagerSearchScreen"/>
  <testcase name="AdvanceSearchMerID" time="66.724" classname="com.ril.feedzai.testScript.AlertManagerSearchScreen"/>
  <testcase name="AdvanceSearchChannel" time="68.416" classname="com.ril.feedzai.testScript.AlertManagerSearchScreen"/>
  <testcase name="AdvanceSearchAgentID" time="68.168" classname="com.ril.feedzai.testScript.AlertManagerSearchScreen"/>
  <testcase name="AdvanceSearchCusNum" time="0.000" classname="com.ril.feedzai.testScript.AlertManagerSearchScreen">
    <skipped/>
  </testcase> <!-- AdvanceSearchCusNum -->
  <testcase name="AdvanceSearchMerNum" time="0.000" classname="com.ril.feedzai.testScript.AlertManagerSearchScreen">
    <skipped/>
  </testcase> <!-- AdvanceSearchMerNum -->
  <testcase name="AdvanceSearchSrcInstID" time="0.000" classname="com.ril.feedzai.testScript.AlertManagerSearchScreen">
    <skipped/>
  </testcase> <!-- AdvanceSearchSrcInstID -->
  <testcase name="AdvanceSearchResponseCode" time="0.000" classname="com.ril.feedzai.testScript.AlertManagerSearchScreen">
    <skipped/>
  </testcase> <!-- AdvanceSearchResponseCode -->
  <testcase name="AdvanceSearchProcessCode" time="0.000" classname="com.ril.feedzai.testScript.AlertManagerSearchScreen">
    <skipped/>
  </testcase> <!-- AdvanceSearchProcessCode -->
  <testcase name="AdvanceSearchHashedCardPan" time="0.000" classname="com.ril.feedzai.testScript.AlertManagerSearchScreen">
    <skipped/>
  </testcase> <!-- AdvanceSearchHashedCardPan -->
  <testcase name="AdvanceSearchCustAppID" time="0.000" classname="com.ril.feedzai.testScript.AlertManagerSearchScreen">
    <skipped/>
  </testcase> <!-- AdvanceSearchCustAppID -->
  <testcase name="AdvanceSearchSenderPan" time="0.000" classname="com.ril.feedzai.testScript.AlertManagerSearchScreen">
    <skipped/>
  </testcase> <!-- AdvanceSearchSenderPan -->
  <testcase name="AdvanceSearchCardBin" time="0.000" classname="com.ril.feedzai.testScript.AlertManagerSearchScreen">
    <skipped/>
  </testcase> <!-- AdvanceSearchCardBin -->
</testsuite> <!-- com.ril.feedzai.testScript.AlertManagerSearchScreen -->
